Looking for git in: git
Using git 2.17.1 from git
> git rev-parse --show-toplevel
> git rev-parse --git-dir
Open repository: /home/youness/Documents/cours/php/symfonyProjects/unsubscribersManager
> git status -z -u
> git symbolic-ref --short HEAD
> git rev-parse master
> git rev-parse --symbolic-full-name master@{u}
fatal: no upstream configured for branch 'master'
> git for-each-ref --format %(refname) %(objectname) --sort -committerdate
> git remote --verbose
> git config --get commit.template
> git show :src/Controller/UnsubscriberController.php
> git ls-files --stage -- /home/youness/Documents/cours/php/symfonyProjects/unsubscribersManager/src/Controller/UnsubscriberController.php
> git check-ignore -v -z --stdin
> git status -z -u
> git symbolic-ref --short HEAD
> git rev-parse master
> git rev-parse --symbolic-full-name master@{u}
fatal: no upstream configured for branch 'master'
> git for-each-ref --format %(refname) %(objectname) --sort -committerdate
> git remote --verbose
> git config --get commit.template
> git show :src/Form/UnsubscriberType.php
> git ls-files --stage -- /home/youness/Documents/cours/php/symfonyProjects/unsubscribersManager/src/Form/UnsubscriberType.php
> git show :src/Controller/UnsubscriberController.php
> git ls-files --stage -- /home/youness/Documents/cours/php/symfonyProjects/unsubscribersManager/src/Controller/UnsubscriberController.php
> git show :src/DataFixtures/Unsubscriberfixture.php
> git ls-files --stage -- /home/youness/Documents/cours/php/symfonyProjects/unsubscribersManager/src/DataFixtures/Unsubscriberfixture.php
> git show :templates/unsubscriber/_form.html.twig
> git ls-files --stage -- /home/youness/Documents/cours/php/symfonyProjects/unsubscribersManager/templates/unsubscriber/_form.html.twig
> git show :src/Controller/UnsubscriberController.php
> git ls-files --stage -- /home/youness/Documents/cours/php/symfonyProjects/unsubscribersManager/src/Controller/UnsubscriberController.php
> git status -z -u
> git symbolic-ref --short HEAD
> git ls-files --stage -- /home/youness/Documents/cours/php/symfonyProjects/unsubscribersManager/src/Controller/UnsubscriberController.php
> git rev-parse master
> git rev-parse --symbolic-full-name master@{u}
> git show :src/Controller/UnsubscriberController.php
fatal: no upstream configured for branch 'master'
> git for-each-ref --format %(refname) %(objectname) --sort -committerdate
> git remote --verbose
> git config --get commit.template
> git check-ignore -v -z --stdin
> git check-ignore -v -z --stdin
> git show :composer.json
> git ls-files --stage -- /home/youness/Documents/cours/php/symfonyProjects/unsubscribersManager/composer.json
> git cat-file -s dc29e7a394ee2f1e9ac10b75f08363f215a1fdc8
> git check-ignore -v -z --stdin
> git check-ignore -v -z --stdin
> git check-ignore -v -z --stdin
> git show :src/Entity/Unsubscriber.php
> git ls-files --stage -- /home/youness/Documents/cours/php/symfonyProjects/unsubscribersManager/src/Entity/Unsubscriber.php
> git show :src/Form/UnsubscriberType.php
> git ls-files --stage -- /home/youness/Documents/cours/php/symfonyProjects/unsubscribersManager/src/Form/UnsubscriberType.php
> git show :config/services.yaml
> git ls-files --stage -- /home/youness/Documents/cours/php/symfonyProjects/unsubscribersManager/config/services.yaml
> git cat-file -s 5c4b41757c261cc9e965275809c44f68660fdfc9
> git show :public/index.php
> git ls-files --stage -- /home/youness/Documents/cours/php/symfonyProjects/unsubscribersManager/public/index.php
> git cat-file -s f094a9b19335f04d38579ca3db598eecc408648a
> git show :src/Controller/UnsubscriberController.php
> git ls-files --stage -- /home/youness/Documents/cours/php/symfonyProjects/unsubscribersManager/src/Controller/UnsubscriberController.php
